<?xml version="1.0" encoding="UTF-8"?>
<!-- Generated by org.testng.reporters.JUnitXMLReporter -->
<testsuite ignored="0" hostname="LAPTOP-PV1C3GHK" failures="0" tests="3" name="Default test" time="297.755" errors="0" timestamp="2023-08-27T16:15:34 SGT">
  <testcase classname="VITests.TestVideoIndexer" name="UserStory1_Verify_AddVideo" time="132.582"/>
  <testcase classname="VITests.TestVideoIndexer" name="UserStory2_View_VideoInsights" time="117.564"/>
  <testcase classname="VITests.TestVideoIndexer" name="UserStory3_SearchVideoswithInsights" time="29.716"/>
</testsuite> <!-- Default test -->
