<?xml version="1.0" encoding="UTF-8"?>
<testng-results ignored="0" total="3" passed="3" failed="0" skipped="0">
  <reporter-output>
  </reporter-output>
  <suite started-at="2023-08-27T16:10:36 SGT" name="Default suite" finished-at="2023-08-27T16:15:34 SGT" duration-ms="297755">
    <groups>
    </groups>
    <test started-at="2023-08-27T16:10:36 SGT" name="Default test" finished-at="2023-08-27T16:15:34 SGT" duration-ms="297755">
      <class name="VITests.TestVideoIndexer">
        <test-method is-config="true" signature="StartReport()[pri:0, instance:VITests.TestVideoIndexer@639c2c1d]" started-at="2023-08-27T16:10:36 SGT" name="StartReport" finished-at="2023-08-27T16:10:36 SGT" duration-ms="395" status="PASS">
          <reporter-output>
          </reporter-output>
        </test-method> <!-- StartReport -->
        <test-method is-config="true" signature="SetDriver()[pri:0, instance:VITests.TestVideoIndexer@639c2c1d]" started-at="2023-08-27T16:10:37 SGT" name="SetDriver" finished-at="2023-08-27T16:10:45 SGT" duration-ms="8276" status="PASS">
          <reporter-output>
          </reporter-output>
        </test-method> <!-- SetDriver -->
        <test-method signature="UserStory1_Verify_AddVideo()[pri:1, instance:VITests.TestVideoIndexer@639c2c1d]" started-at="2023-08-27T16:10:45 SGT" name="UserStory1_Verify_AddVideo" finished-at="2023-08-27T16:12:57 SGT" duration-ms="132582" status="PASS">
          <reporter-output>
          </reporter-output>
        </test-method> <!-- UserStory1_Verify_AddVideo -->
        <test-method is-config="true" signature="CloseBrowser()[pri:0, instance:VITests.TestVideoIndexer@639c2c1d]" started-at="2023-08-27T16:12:57 SGT" name="CloseBrowser" finished-at="2023-08-27T16:12:58 SGT" duration-ms="329" status="PASS">
          <reporter-output>
          </reporter-output>
        </test-method> <!-- CloseBrowser -->
        <test-method is-config="true" signature="SetDriver()[pri:0, instance:VITests.TestVideoIndexer@639c2c1d]" started-at="2023-08-27T16:12:58 SGT" name="SetDriver" finished-at="2023-08-27T16:13:02 SGT" duration-ms="4332" status="PASS">
          <reporter-output>
          </reporter-output>
        </test-method> <!-- SetDriver -->
        <test-method signature="UserStory2_View_VideoInsights()[pri:2, instance:VITests.TestVideoIndexer@639c2c1d]" started-at="2023-08-27T16:13:02 SGT" name="UserStory2_View_VideoInsights" finished-at="2023-08-27T16:15:00 SGT" duration-ms="117564" status="PASS">
          <reporter-output>
          </reporter-output>
        </test-method> <!-- UserStory2_View_VideoInsights -->
        <test-method is-config="true" signature="CloseBrowser()[pri:0, instance:VITests.TestVideoIndexer@639c2c1d]" started-at="2023-08-27T16:15:00 SGT" name="CloseBrowser" finished-at="2023-08-27T16:15:00 SGT" duration-ms="344" status="PASS">
          <reporter-output>
          </reporter-output>
        </test-method> <!-- CloseBrowser -->
        <test-method is-config="true" signature="SetDriver()[pri:0, instance:VITests.TestVideoIndexer@639c2c1d]" started-at="2023-08-27T16:15:00 SGT" name="SetDriver" finished-at="2023-08-27T16:15:03 SGT" duration-ms="3376" status="PASS">
          <reporter-output>
          </reporter-output>
        </test-method> <!-- SetDriver -->
        <test-method signature="UserStory3_SearchVideoswithInsights()[pri:3, instance:VITests.TestVideoIndexer@639c2c1d]" started-at="2023-08-27T16:15:03 SGT" name="UserStory3_SearchVideoswithInsights" finished-at="2023-08-27T16:15:33 SGT" duration-ms="29716" status="PASS">
          <reporter-output>
          </reporter-output>
        </test-method> <!-- UserStory3_SearchVideoswithInsights -->
        <test-method is-config="true" signature="CloseBrowser()[pri:0, instance:VITests.TestVideoIndexer@639c2c1d]" started-at="2023-08-27T16:15:33 SGT" name="CloseBrowser" finished-at="2023-08-27T16:15:33 SGT" duration-ms="309" status="PASS">
          <reporter-output>
          </reporter-output>
        </test-method> <!-- CloseBrowser -->
        <test-method is-config="true" signature="EndReport()[pri:0, instance:VITests.TestVideoIndexer@639c2c1d]" started-at="2023-08-27T16:15:33 SGT" name="EndReport" finished-at="2023-08-27T16:15:34 SGT" duration-ms="426" status="PASS">
          <reporter-output>
          </reporter-output>
        </test-method> <!-- EndReport -->
      </class> <!-- VITests.TestVideoIndexer -->
    </test> <!-- Default test -->
  </suite> <!-- Default suite -->
</testng-results>
